<?xml version="1.0" encoding="UTF-8"?>
<testng-results ignored="0" total="1" passed="1" failed="0" skipped="0">
  <reporter-output>
  </reporter-output>
  <suite started-at="2024-07-12T16:02:49 IST" name="Default suite" finished-at="2024-07-12T16:02:54 IST" duration-ms="5118">
    <groups>
    </groups>
    <test started-at="2024-07-12T16:02:49 IST" name="Default test" finished-at="2024-07-12T16:02:54 IST" duration-ms="5118">
      <class name="rahulshettyacademy.ExtentReports.ExtentReportDemo">
        <test-method is-config="true" signature="config()[pri:0, instance:rahulshettyacademy.ExtentReports.ExtentReportDemo@8458f04]" started-at="2024-07-12T16:02:49 IST" name="config" finished-at="2024-07-12T16:02:50 IST" duration-ms="322" status="PASS">
          <reporter-output>
          </reporter-output>
        </test-method> <!-- config -->
        <test-method signature="initialDemo()[pri:0, instance:rahulshettyacademy.ExtentReports.ExtentReportDemo@8458f04]" started-at="2024-07-12T16:02:50 IST" name="initialDemo" finished-at="2024-07-12T16:02:54 IST" duration-ms="4743" status="PASS">
          <reporter-output>
          </reporter-output>
        </test-method> <!-- initialDemo -->
      </class> <!-- rahulshettyacademy.ExtentReports.ExtentReportDemo -->
    </test> <!-- Default test -->
  </suite> <!-- Default suite -->
</testng-results>
